0 info it worked if it ends with ok
1 verbose cli [ 'node', '/usr/local/bin/npm', 'publish' ]
2 info using npm@1.4.20
3 info using node@v0.10.29
4 verbose node symlink /usr/local/bin/node
5 verbose publish [ '.' ]
6 verbose cache add [ '.', null ]
7 verbose cache add name=undefined spec="." args=[".",null]
8 verbose parsed url { protocol: null,
8 verbose parsed url   slashes: null,
8 verbose parsed url   auth: null,
8 verbose parsed url   host: null,
8 verbose parsed url   port: null,
8 verbose parsed url   hostname: null,
8 verbose parsed url   hash: null,
8 verbose parsed url   search: null,
8 verbose parsed url   query: null,
8 verbose parsed url   pathname: '.',
8 verbose parsed url   path: '.',
8 verbose parsed url   href: '.' }
9 silly lockFile 3a52ce78- .
10 verbose lock . /Users/michaelyoung/.npm/3a52ce78-.lock
11 verbose tar pack [ '/Users/michaelyoung/.npm/ibmwatson/0.0.53/package.tgz', '.' ]
12 verbose tarball /Users/michaelyoung/.npm/ibmwatson/0.0.53/package.tgz
13 verbose folder .
14 info prepublish ibmwatson@0.0.53
15 silly lockFile 1f1177db-tar tar://.
16 verbose lock tar://. /Users/michaelyoung/.npm/1f1177db-tar.lock
17 silly lockFile 9b2e4596-npm-ibmwatson-0-0-53-package-tgz tar:///Users/michaelyoung/.npm/ibmwatson/0.0.53/package.tgz
18 verbose lock tar:///Users/michaelyoung/.npm/ibmwatson/0.0.53/package.tgz /Users/michaelyoung/.npm/9b2e4596-npm-ibmwatson-0-0-53-package-tgz.lock
19 silly lockFile 1f1177db-tar tar://.
20 silly lockFile 1f1177db-tar tar://.
21 silly lockFile 9b2e4596-npm-ibmwatson-0-0-53-package-tgz tar:///Users/michaelyoung/.npm/ibmwatson/0.0.53/package.tgz
22 silly lockFile 9b2e4596-npm-ibmwatson-0-0-53-package-tgz tar:///Users/michaelyoung/.npm/ibmwatson/0.0.53/package.tgz
23 silly lockFile aaab87a0-ung-npm-ibmwatson-0-0-53-package /Users/michaelyoung/.npm/ibmwatson/0.0.53/package
24 verbose lock /Users/michaelyoung/.npm/ibmwatson/0.0.53/package /Users/michaelyoung/.npm/aaab87a0-ung-npm-ibmwatson-0-0-53-package.lock
25 silly lockFile aaab87a0-ung-npm-ibmwatson-0-0-53-package /Users/michaelyoung/.npm/ibmwatson/0.0.53/package
26 silly lockFile aaab87a0-ung-npm-ibmwatson-0-0-53-package /Users/michaelyoung/.npm/ibmwatson/0.0.53/package
27 silly lockFile 3a52ce78- .
28 silly lockFile 3a52ce78- .
29 silly publish { name: 'ibmwatson',
29 silly publish   version: '0.0.53',
29 silly publish   description: 'A command-line tool for managing the IBM Watson APIs',
29 silly publish   author: { name: 'Michael Young' },
29 silly publish   engines: { node: '>=0.10' },
29 silly publish   dependencies:
29 silly publish    { chance: '^0.6.1',
29 silly publish      'cli-table': '^0.3.0',
29 silly publish      cmdify: '0.0.4',
29 silly publish      colors: '^1.0.2',
29 silly publish      commander: '^2.3.0',
29 silly publish      inquirer: '^0.7.2',
29 silly publish      nconf: '^0.6.9',
29 silly publish      progress: '^1.1.8' },
29 silly publish   bin: { ibmwatson: 'ibmwatson.js' },
29 silly publish   readme: '# IBM Watson API CLI\n### A prototype for the IBM Watson API command-line experience.\n\n## Installation\n`npm install -g ibmwatson`\n\n## Description\nThe Watson API Command-Line Interface should allow a user (developer) to:\n\n* Login and create applications in Bluemix\n* Create Watson API instances in Bluemix\n* Generate boilerplate code based on developer-defined APIs\n* View the full catalog of Watson APIs\n* View the content available in the Watson Content Marketplace\n* View the purchased and uploaded content in the user\'s Library\n* Add content from AWS, SoftLayer, etc.\n* Adapt an API to the developer\'s use case\n\nNote:\nThe Watson API CLI is not necessarily intended to hand-hold a first-time user through the application and API set up process. It is intended to allow seasoned users to do tasks more efficiently by using the command-line.\n\n## Node packages used:\n* [Commander.js](https://github.com/visionmedia/commander.js/)\n* [Inquirer.js](https://github.com/SBoudrias/Inquirer.js/)\n* [nconf](https://github.com/flatiron/nconf)\n* [CLI Table](https://github.com/Automattic/cli-table)\n* [colors.js](https://github.com/marak/colors.js)\n* [Chance.js](https://github.com/victorquinn/chancejs)',
29 silly publish   readmeFilename: 'README.md',
29 silly publish   gitHead: '8cad244de2c1246d38b0e459ddebf6f577a02d1b',
29 silly publish   _id: 'ibmwatson@0.0.53',
29 silly publish   scripts: {},
29 silly publish   _shasum: '58459707810b916efcb72302a33ab436aa2e0d28',
29 silly publish   _from: '.' }
30 verbose request where is /ibmwatson
31 verbose request registry https://registry.npmjs.org/
32 verbose request id fbda7871906c1a73
33 verbose url raw /ibmwatson
34 verbose url resolving [ 'https://registry.npmjs.org/', './ibmwatson' ]
35 verbose url resolved https://registry.npmjs.org/ibmwatson
36 verbose request where is https://registry.npmjs.org/ibmwatson
37 info trying registry request attempt 1 at 15:00:40
38 http PUT https://registry.npmjs.org/ibmwatson
39 http 403 https://registry.npmjs.org/ibmwatson
40 verbose headers { date: 'Tue, 14 Oct 2014 20:00:40 GMT',
40 verbose headers   server: 'CouchDB/1.5.0 (Erlang OTP/R16B03)',
40 verbose headers   'content-type': 'application/json',
40 verbose headers   'cache-control': 'max-age=60',
40 verbose headers   'content-length': '3362',
40 verbose headers   'accept-ranges': 'bytes',
40 verbose headers   via: '1.1 varnish',
40 verbose headers   'x-served-by': 'cache-dfw1832-DFW',
40 verbose headers   'x-cache': 'MISS',
40 verbose headers   'x-cache-hits': '0',
40 verbose headers   'x-timer': 'S1413316840.706281,VS0,VE272',
40 verbose headers   'keep-alive': 'timeout=10, max=50',
40 verbose headers   connection: 'Keep-Alive' }
41 error publish Failed PUT 403
42 error Error: forbidden cannot modify pre-existing version: 0.0.53
42 error old={"name":"ibmwatson","version":"0.0.53","description":"A command-line tool for managing the IBM Watson APIs","author":{"name":"Michael Young"},"engines":{"node":">=0.10"},"dependencies":{"chance":"^0.6.1","cli-table":"^0.3.0","cmdify":"0.0.4","colors":"^1.0.2","commander":"^2.3.0","inquirer":"^0.7.2","nconf":"^0.6.9","progress":"^1.1.8"},"bin":{"ibmwatson":"ibmwatson.js"},"gitHead":"f59bcb0b7329bf985791a7131e17f69ee70e11a7","_id":"ibmwatson@0.0.53","scripts":{},"_shasum":"64f53e6c9dbd367d858e8a7b0195a40af034c36f","_from":".","_npmVersion":"1.4.20","_npmUser":{"name":"mjyoung","email":"michaeljy.spam@gmail.com"},"maintainers":[{"name":"mjyoung","email":"michaeljy.spam@gmail.com"}],"dist":{"shasum":"64f53e6c9dbd367d858e8a7b0195a40af034c36f","tarball":"http://registry.npmjs.org/ibmwatson/-/ibmwatson-0.0.53.tgz"}}
42 error new={"name":"ibmwatson","version":"0.0.53","description":"A command-line tool for managing the IBM Watson APIs","author":{"name":"Michael Young"},"engines":{"node":">=0.10"},"dependencies":{"chance":"^0.6.1","cli-table":"^0.3.0","cmdify":"0.0.4","colors":"^1.0.2","commander":"^2.3.0","inquirer":"^0.7.2","nconf":"^0.6.9","progress":"^1.1.8"},"bin":{"ibmwatson":"ibmwatson.js"},"readme":"# IBM Watson API CLI\u000a### A prototype for the IBM Watson API command-line experience.\u000a\u000a## Installation\u000a`npm install -g ibmwatson`\u000a\u000a## Description\u000aThe Watson API Command-Line Interface should allow a user (developer) to:\u000a\u000a* Login and create applications in Bluemix\u000a* Create Watson API instances in Bluemix\u000a* Generate boilerplate code based on developer-defined APIs\u000a* View the full catalog of Watson APIs\u000a* View the content available in the Watson Content Marketplace\u000a* View the purchased and uploaded content in the user's Library\u000a* Add content from AWS, SoftLayer, etc.\u000a* Adapt an API to the developer's use case\u000a\u000aNote:\u000aThe Watson API CLI is not necessarily intended to hand-hold a first-time user through the application and API set up process. It is intended to allow seasoned users to do tasks more efficiently by using the command-line.\u000a\u000a## Node packages used:\u000a* [Commander.js](https://github.com/visionmedia/commander.js/)\u000a* [Inquirer.js](https://github.com/SBoudrias/Inquirer.js/)\u000a* [nconf](https://github.com/flatiron/nconf)\u000a* [CLI Table](https://github.com/Automattic/cli-table)\u000a* [colors.js](https://github.com/marak/colors.js)\u000a* [Chance.js](https://github.com/victorquinn/chancejs)","readmeFilename":"README.md","gitHead":"8cad244de2c1246d38b0e459ddebf6f577a02d1b","_id":"ibmwatson@0.0.53","scripts":{},"_shasum":"58459707810b916efcb72302a33ab436aa2e0d28","_from":".","_npmVersion":"1.4.20","_npmUser":{"name":"mjyoung","email":"michaeljy.spam@gmail.com"},"maintainers":[{"name":"mjyoung","email":"michaeljy.spam@gmail.com"}],"dist":{"shasum":"58459707810b916efcb72302a33ab436aa2e0d28","tarball":"http://registry.npmjs.org/ibmwatson/-/ibmwatson-0.0.53.tgz"}}: ibmwatson
42 error     at RegClient.<anonymous> (/usr/local/lib/node_modules/npm/node_modules/npm-registry-client/lib/request.js:300:14)
42 error     at Request._callback (/usr/local/lib/node_modules/npm/node_modules/npm-registry-client/lib/request.js:238:65)
42 error     at Request.self.callback (/usr/local/lib/node_modules/npm/node_modules/request/request.js:123:22)
42 error     at Request.emit (events.js:98:17)
42 error     at Request.<anonymous> (/usr/local/lib/node_modules/npm/node_modules/request/request.js:893:14)
42 error     at Request.emit (events.js:117:20)
42 error     at IncomingMessage.<anonymous> (/usr/local/lib/node_modules/npm/node_modules/request/request.js:844:12)
42 error     at IncomingMessage.emit (events.js:117:20)
42 error     at _stream_readable.js:929:16
42 error     at process._tickCallback (node.js:419:13)
43 error If you need help, you may report this *entire* log,
43 error including the npm and node versions, at:
43 error     <http://github.com/npm/npm/issues>
44 error System Darwin 13.4.0
45 error command "node" "/usr/local/bin/npm" "publish"
46 error cwd /Users/michaelyoung/Dropbox/web_development/ibm/watson/watson-api-cli
47 error node -v v0.10.29
48 error npm -v 1.4.20
49 verbose exit [ 1, true ]
